2016-12-23 15:55:45.666--------------250 mail.shubham.personal
2016-12-23 15:55:45.665--------------IEHLO
2016-12-23 15:55:45.665--------------O250
2016-12-23 15:55:45.669--------------250 2.1.0 Ok
2016-12-23 15:55:45.668--------------IMAIL
2016-12-23 15:55:45.668--------------O250
2016-12-23 15:55:45.672--------------221 2.0.0 Bye
2016-12-23 15:55:45.67--------------IQUIT
2016-12-23 15:55:45.67--------------O221
2016-12-23 15:55:45.679--------------503 5.5.1 Error: need MAIL command
2016-12-23 15:55:45.676--------------IRCPT
2016-12-23 15:55:45.676--------------O503
2016-12-23 15:55:45.685--------------250 mail.shubham.personal
2016-12-23 15:55:45.684--------------IEHLO
2016-12-23 15:55:45.684--------------O250
2016-12-23 15:55:45.687--------------250 mail.shubham.personal
2016-12-23 15:55:45.686--------------IEHLO
2016-12-23 15:55:45.686--------------O250
2016-12-23 15:55:45.69--------------250 2.1.0 Ok
2016-12-23 15:55:45.689--------------IMAIL
2016-12-23 15:55:45.689--------------O250
2016-12-23 15:55:45.692--------------250 mail.shubham.personal
2016-12-23 15:55:45.691--------------IEHLO
2016-12-23 15:55:45.691--------------O250
2016-12-23 15:55:45.695--------------221 2.0.0 Bye
2016-12-23 15:55:45.694--------------IQUIT
2016-12-23 15:55:45.694--------------O221
2016-12-23 15:55:45.701--------------250 mail.shubham.personal
2016-12-23 15:55:45.7--------------IEHLO
2016-12-23 15:55:45.7--------------O250
2016-12-23 15:55:45.703--------------503 5.5.1 Error: need MAIL command
2016-12-23 15:55:45.702--------------IRCPT
2016-12-23 15:55:45.702--------------O503
2016-12-23 15:55:45.705--------------250 mail.shubham.personal
2016-12-23 15:55:45.704--------------IEHLO
2016-12-23 15:55:45.704--------------O250
2016-12-23 15:55:45.708--------------250 mail.shubham.personal
2016-12-23 15:55:45.707--------------IEHLO
2016-12-23 15:55:45.707--------------O250
2016-12-23 15:55:45.711--------------250 2.1.0 Ok
2016-12-23 15:55:45.709--------------IMAIL
2016-12-23 15:55:45.709--------------O250
2016-12-23 15:55:45.713--------------503 5.5.1 Error: nested MAIL command
2016-12-23 15:55:45.712--------------IMAIL
2016-12-23 15:55:45.712--------------O503
2016-12-23 15:55:45.715--------------503 5.5.1 Error: nested MAIL command
2016-12-23 15:55:45.714--------------IMAIL
2016-12-23 15:55:45.714--------------O503
2016-12-23 15:55:45.719--------------221 2.0.0 Bye
2016-12-23 15:55:45.717--------------IQUIT
2016-12-23 15:55:45.717--------------O221
2016-12-23 15:55:45.724--------------250 2.1.0 Ok
2016-12-23 15:55:45.723--------------IMAIL
2016-12-23 15:55:45.723--------------O250
2016-12-23 15:55:45.731--------------250 2.1.5 Ok
2016-12-23 15:55:45.725--------------IRCPT
2016-12-23 15:55:45.725--------------O250
2016-12-23 15:55:45.733--------------503 5.5.1 Error: nested MAIL command
2016-12-23 15:55:45.732--------------IMAIL
2016-12-23 15:55:45.732--------------O503
2016-12-23 15:55:45.737--------------250 mail.shubham.personal
2016-12-23 15:55:45.736--------------IEHLO
2016-12-23 15:55:45.736--------------O250
2016-12-23 15:55:45.738--------------221 2.0.0 Bye
2016-12-23 15:55:45.738--------------IQUIT
2016-12-23 15:55:45.738--------------O221
2016-12-23 15:55:45.748--------------221 2.0.0 Bye
2016-12-23 15:55:45.746--------------IQUIT
2016-12-23 15:55:45.746--------------O221
2016-12-23 15:55:45.754--------------221 2.0.0 Bye
2016-12-23 15:55:45.753--------------IQUIT
2016-12-23 15:55:45.753--------------O221
2016-12-23 15:55:45.761--------------250 mail.shubham.personal
2016-12-23 15:55:45.76--------------IEHLO
2016-12-23 15:55:45.76--------------O250
2016-12-23 15:55:45.762--------------503 5.5.1 Error: need MAIL command
2016-12-23 15:55:45.761--------------IRCPT
2016-12-23 15:55:45.761--------------O503
2016-12-23 15:55:45.765--------------221 2.0.0 Bye
2016-12-23 15:55:45.763--------------IQUIT
2016-12-23 15:55:45.763--------------O221
2016-12-23 15:55:45.77--------------503 5.5.1 Error: need MAIL command
2016-12-23 15:55:45.769--------------IRCPT
2016-12-23 15:55:45.769--------------O503
2016-12-23 15:55:45.773--------------250 2.1.0 Ok
2016-12-23 15:55:45.772--------------IMAIL
2016-12-23 15:55:45.772--------------O250
2016-12-23 15:55:45.775--------------250 mail.shubham.personal
2016-12-23 15:55:45.774--------------IEHLO
2016-12-23 15:55:45.774--------------O250
2016-12-23 15:55:45.776--------------250 2.1.0 Ok
2016-12-23 15:55:45.775--------------IMAIL
2016-12-23 15:55:45.775--------------O250
2016-12-23 15:55:45.779--------------503 5.5.1 Error: nested MAIL command
2016-12-23 15:55:45.778--------------IMAIL
2016-12-23 15:55:45.778--------------O503
2016-12-23 15:55:45.781--------------503 5.5.1 Error: nested MAIL command
2016-12-23 15:55:45.78--------------IMAIL
2016-12-23 15:55:45.78--------------O503
2016-12-23 15:55:45.782--------------503 5.5.1 Error: nested MAIL command
2016-12-23 15:55:45.782--------------IMAIL
2016-12-23 15:55:45.782--------------O503
2016-12-23 15:55:45.784--------------503 5.5.1 Error: nested MAIL command
2016-12-23 15:55:45.783--------------IMAIL
2016-12-23 15:55:45.783--------------O503
2016-12-23 15:55:45.786--------------221 2.0.0 Bye
2016-12-23 15:55:45.784--------------IQUIT
2016-12-23 15:55:45.784--------------O221
2016-12-23 15:55:45.792--------------250 2.1.0 Ok
2016-12-23 15:55:45.791--------------IMAIL
2016-12-23 15:55:45.791--------------O250
2016-12-23 15:55:45.797--------------221 2.0.0 Bye
2016-12-23 15:55:45.793--------------IQUIT
2016-12-23 15:55:45.793--------------O221
2016-12-23 15:55:45.803--------------250 2.1.0 Ok
2016-12-23 15:55:45.802--------------IMAIL
2016-12-23 15:55:45.802--------------O250
2016-12-23 15:55:45.805--------------503 5.5.1 Error: nested MAIL command
2016-12-23 15:55:45.804--------------IMAIL
2016-12-23 15:55:45.804--------------O503
2016-12-23 15:55:45.807--------------250 2.1.5 Ok
2016-12-23 15:55:45.805--------------IRCPT
2016-12-23 15:55:45.805--------------O250
2016-12-23 15:55:45.81--------------503 5.5.1 Error: nested MAIL command
2016-12-23 15:55:45.809--------------IMAIL
2016-12-23 15:55:45.809--------------O503
2016-12-23 15:55:45.812--------------250 2.1.5 Ok
2016-12-23 15:55:45.811--------------IRCPT
2016-12-23 15:55:45.811--------------O250
2016-12-23 15:55:45.813--------------503 5.5.1 Error: nested MAIL command
2016-12-23 15:55:45.813--------------IMAIL
2016-12-23 15:55:45.813--------------O503
2016-12-23 15:55:45.816--------------503 5.5.1 Error: nested MAIL command
2016-12-23 15:55:45.815--------------IMAIL
2016-12-23 15:55:45.815--------------O503
2016-12-23 15:55:45.818--------------503 5.5.1 Error: nested MAIL command
2016-12-23 15:55:45.817--------------IMAIL
2016-12-23 15:55:45.817--------------O503
2016-12-23 15:55:45.82--------------250 mail.shubham.personal
2016-12-23 15:55:45.818--------------IEHLO
2016-12-23 15:55:45.818--------------O250
2016-12-23 15:55:45.823--------------250 2.1.0 Ok
2016-12-23 15:55:45.822--------------IMAIL
2016-12-23 15:55:45.822--------------O250
2016-12-23 15:55:45.826--------------250 2.1.5 Ok
2016-12-23 15:55:45.824--------------IRCPT
2016-12-23 15:55:45.824--------------O250
2016-12-23 15:55:45.827--------------250 mail.shubham.personal
2016-12-23 15:55:45.826--------------IEHLO
2016-12-23 15:55:45.826--------------O250
2016-12-23 15:55:45.83--------------503 5.5.1 Error: need MAIL command
2016-12-23 15:55:45.829--------------IRCPT
2016-12-23 15:55:45.829--------------O503
2016-12-23 15:55:45.832--------------221 2.0.0 Bye
2016-12-23 15:55:45.831--------------IQUIT
2016-12-23 15:55:45.831--------------O221
2016-12-23 15:55:45.838--------------250 2.1.0 Ok
2016-12-23 15:55:45.837--------------IMAIL
2016-12-23 15:55:45.837--------------O250
2016-12-23 15:55:45.84--------------503 5.5.1 Error: nested MAIL command
2016-12-23 15:55:45.838--------------IMAIL
2016-12-23 15:55:45.838--------------O503
2016-12-23 15:55:45.842--------------221 2.0.0 Bye
2016-12-23 15:55:45.84--------------IQUIT
2016-12-23 15:55:45.84--------------O221
2016-12-23 15:55:45.848--------------250 2.1.0 Ok
2016-12-23 15:55:45.847--------------IMAIL
2016-12-23 15:55:45.847--------------O250
2016-12-23 15:55:45.85--------------250 2.1.5 Ok
2016-12-23 15:55:45.848--------------IRCPT
2016-12-23 15:55:45.848--------------O250
2016-12-23 15:55:45.853--------------221 2.0.0 Bye
2016-12-23 15:55:45.851--------------IQUIT
2016-12-23 15:55:45.851--------------O221
2016-12-23 15:55:45.86--------------503 5.5.1 Error: need MAIL command
2016-12-23 15:55:45.859--------------IRCPT
2016-12-23 15:55:45.859--------------O503
2016-12-23 15:55:45.862--------------503 5.5.1 Error: need MAIL command
2016-12-23 15:55:45.861--------------IRCPT
2016-12-23 15:55:45.861--------------O503
2016-12-23 15:55:45.866--------------250 2.1.0 Ok
2016-12-23 15:55:45.865--------------IMAIL
2016-12-23 15:55:45.865--------------O250
2016-12-23 15:55:45.867--------------503 5.5.1 Error: nested MAIL command
2016-12-23 15:55:45.867--------------IMAIL
2016-12-23 15:55:45.867--------------O503
2016-12-23 15:55:45.87--------------250 2.1.5 Ok
2016-12-23 15:55:45.868--------------IRCPT
2016-12-23 15:55:45.868--------------O250
2016-12-23 15:55:45.873--------------503 5.5.1 Error: nested MAIL command
2016-12-23 15:55:45.872--------------IMAIL
2016-12-23 15:55:45.872--------------O503
2016-12-23 15:55:45.875--------------250 2.1.5 Ok
2016-12-23 15:55:45.874--------------IRCPT
2016-12-23 15:55:45.874--------------O250
2016-12-23 15:55:45.876--------------250 2.1.5 Ok
2016-12-23 15:55:45.875--------------IRCPT
2016-12-23 15:55:45.875--------------O250
2016-12-23 15:55:45.88--------------503 5.5.1 Error: nested MAIL command
2016-12-23 15:55:45.879--------------IMAIL
2016-12-23 15:55:45.879--------------O503
2016-12-23 15:55:45.881--------------250 mail.shubham.personal
2016-12-23 15:55:45.88--------------IEHLO
2016-12-23 15:55:45.88--------------O250
2016-12-23 15:55:45.883--------------250 mail.shubham.personal
2016-12-23 15:55:45.882--------------IEHLO
2016-12-23 15:55:45.882--------------O250
2016-12-23 15:55:45.885--------------250 2.1.0 Ok
2016-12-23 15:55:45.884--------------IMAIL
2016-12-23 15:55:45.884--------------O250
2016-12-23 15:55:45.887--------------221 2.0.0 Bye
2016-12-23 15:55:45.885--------------IQUIT
2016-12-23 15:55:45.885--------------O221
2016-12-23 15:55:45.892--------------250 mail.shubham.personal
2016-12-23 15:55:45.891--------------IEHLO
2016-12-23 15:55:45.891--------------O250
2016-12-23 15:55:45.894--------------250 2.1.0 Ok
2016-12-23 15:55:45.893--------------IMAIL
2016-12-23 15:55:45.893--------------O250
2016-12-23 15:55:45.897--------------250 mail.shubham.personal
2016-12-23 15:55:45.896--------------IEHLO
2016-12-23 15:55:45.896--------------O250
2016-12-23 15:55:45.9--------------221 2.0.0 Bye
2016-12-23 15:55:45.898--------------IQUIT
2016-12-23 15:55:45.898--------------O221
2016-12-23 15:55:45.906--------------250 2.1.0 Ok
2016-12-23 15:55:45.905--------------IMAIL
2016-12-23 15:55:45.905--------------O250
2016-12-23 15:55:45.909--------------221 2.0.0 Bye
2016-12-23 15:55:45.907--------------IQUIT
2016-12-23 15:55:45.907--------------O221
2016-12-23 15:55:45.916--------------221 2.0.0 Bye
2016-12-23 15:55:45.914--------------IQUIT
2016-12-23 15:55:45.914--------------O221
2016-12-23 15:55:45.922--------------250 2.1.0 Ok
2016-12-23 15:55:45.921--------------IMAIL
2016-12-23 15:55:45.921--------------O250
2016-12-23 15:55:45.923--------------250 mail.shubham.personal
2016-12-23 15:55:45.922--------------IEHLO
2016-12-23 15:55:45.922--------------O250
2016-12-23 15:55:45.925--------------503 5.5.1 Error: need MAIL command
2016-12-23 15:55:45.924--------------IRCPT
2016-12-23 15:55:45.924--------------O503
2016-12-23 15:55:45.927--------------250 2.1.0 Ok
2016-12-23 15:55:45.926--------------IMAIL
2016-12-23 15:55:45.926--------------O250
2016-12-23 15:55:45.93--------------221 2.0.0 Bye
2016-12-23 15:55:45.928--------------IQUIT
2016-12-23 15:55:45.928--------------O221
2016-12-23 15:55:45.935--------------503 5.5.1 Error: need MAIL command
2016-12-23 15:55:45.935--------------IRCPT
2016-12-23 15:55:45.935--------------O503
2016-12-23 15:55:45.938--------------503 5.5.1 Error: need MAIL command
2016-12-23 15:55:45.937--------------IRCPT
2016-12-23 15:55:45.937--------------O503
2016-12-23 15:55:45.94--------------250 mail.shubham.personal
2016-12-23 15:55:45.939--------------IEHLO
2016-12-23 15:55:45.939--------------O250
2016-12-23 15:55:45.942--------------250 2.1.0 Ok
2016-12-23 15:55:45.941--------------IMAIL
2016-12-23 15:55:45.941--------------O250
2016-12-23 15:55:45.948--------------250 2.1.5 Ok
2016-12-23 15:55:45.946--------------IRCPT
2016-12-23 15:55:45.946--------------O250
2016-12-23 15:55:45.949--------------503 5.5.1 Error: nested MAIL command
2016-12-23 15:55:45.949--------------IMAIL
2016-12-23 15:55:45.949--------------O503
2016-12-23 15:55:45.952--------------503 5.5.1 Error: nested MAIL command
2016-12-23 15:55:45.951--------------IMAIL
2016-12-23 15:55:45.951--------------O503
2016-12-23 15:55:45.955--------------250 2.1.5 Ok
2016-12-23 15:55:45.953--------------IRCPT
2016-12-23 15:55:45.953--------------O250
2016-12-23 15:55:45.957--------------503 5.5.1 Error: nested MAIL command
2016-12-23 15:55:45.956--------------IMAIL
2016-12-23 15:55:45.956--------------O503
2016-12-23 15:55:45.959--------------250 2.1.5 Ok
2016-12-23 15:55:45.958--------------IRCPT
2016-12-23 15:55:45.958--------------O250
2016-12-23 15:55:45.964--------------250 2.1.5 Ok
2016-12-23 15:55:45.962--------------IRCPT
2016-12-23 15:55:45.962--------------O250
2016-12-23 15:55:45.967--------------221 2.0.0 Bye
2016-12-23 15:55:45.965--------------IQUIT
2016-12-23 15:55:45.965--------------O221
2016-12-23 15:55:45.973--------------250 2.1.0 Ok
2016-12-23 15:55:45.972--------------IMAIL
2016-12-23 15:55:45.972--------------O250
2016-12-23 15:55:45.977--------------250 2.1.5 Ok
2016-12-23 15:55:45.975--------------IRCPT
2016-12-23 15:55:45.975--------------O250
2016-12-23 15:55:45.979--------------250 2.1.5 Ok
2016-12-23 15:55:45.978--------------IRCPT
2016-12-23 15:55:45.978--------------O250
2016-12-23 15:55:45.981--------------503 5.5.1 Error: nested MAIL command
2016-12-23 15:55:45.98--------------IMAIL
2016-12-23 15:55:45.98--------------O503
2016-12-23 15:55:45.985--------------250 2.1.5 Ok
2016-12-23 15:55:45.983--------------IRCPT
2016-12-23 15:55:45.983--------------O250
2016-12-23 15:55:45.987--------------250 2.1.5 Ok
2016-12-23 15:55:45.986--------------IRCPT
2016-12-23 15:55:45.986--------------O250
2016-12-23 15:55:45.991--------------250 2.1.5 Ok
2016-12-23 15:55:45.988--------------IRCPT
2016-12-23 15:55:45.988--------------O250
2016-12-23 15:55:45.993--------------250 2.1.5 Ok
2016-12-23 15:55:45.993--------------IRCPT
2016-12-23 15:55:45.993--------------O250
2016-12-23 15:55:45.996--------------250 mail.shubham.personal
2016-12-23 15:55:45.994--------------IEHLO
2016-12-23 15:55:45.994--------------O250
2016-12-23 15:55:45.998--------------250 mail.shubham.personal
2016-12-23 15:55:45.997--------------IEHLO
2016-12-23 15:55:45.997--------------O250
2016-12-23 15:55:46.002--------------503 5.5.1 Error: need MAIL command
2016-12-23 15:55:46.001--------------IRCPT
2016-12-23 15:55:46.001--------------O503
2016-12-23 15:55:46.01--------------221 2.0.0 Bye
2016-12-23 15:55:46.003--------------IQUIT
2016-12-23 15:55:46.003--------------O221
2016-12-23 15:55:46.017--------------250 mail.shubham.personal
2016-12-23 15:55:46.016--------------IEHLO
2016-12-23 15:55:46.016--------------O250
2016-12-23 15:55:46.019--------------503 5.5.1 Error: need MAIL command
2016-12-23 15:55:46.018--------------IRCPT
2016-12-23 15:55:46.018--------------O503
2016-12-23 15:55:46.021--------------250 mail.shubham.personal
2016-12-23 15:55:46.02--------------IEHLO
2016-12-23 15:55:46.02--------------O250
2016-12-23 15:55:46.023--------------221 2.0.0 Bye
2016-12-23 15:55:46.021--------------IQUIT
2016-12-23 15:55:46.021--------------O221
2016-12-23 15:55:46.029--------------503 5.5.1 Error: need MAIL command
2016-12-23 15:55:46.028--------------IRCPT
2016-12-23 15:55:46.028--------------O503
2016-12-23 15:55:46.031--------------221 2.0.0 Bye
2016-12-23 15:55:46.03--------------IQUIT
2016-12-23 15:55:46.03--------------O221
2016-12-23 15:55:46.037--------------221 2.0.0 Bye
2016-12-23 15:55:46.035--------------IQUIT
2016-12-23 15:55:46.035--------------O221
2016-12-23 15:55:46.041--------------503 5.5.1 Error: need MAIL command
2016-12-23 15:55:46.04--------------IRCPT
2016-12-23 15:55:46.04--------------O503
2016-12-23 15:55:46.043--------------250 mail.shubham.personal
2016-12-23 15:55:46.042--------------IEHLO
2016-12-23 15:55:46.042--------------O250
2016-12-23 15:55:46.044--------------503 5.5.1 Error: need MAIL command
2016-12-23 15:55:46.044--------------IRCPT
2016-12-23 15:55:46.044--------------O503
2016-12-23 15:55:46.046--------------503 5.5.1 Error: need MAIL command
2016-12-23 15:55:46.046--------------IRCPT
2016-12-23 15:55:46.046--------------O503
2016-12-23 15:55:46.048--------------221 2.0.0 Bye
2016-12-23 15:55:46.047--------------IQUIT
2016-12-23 15:55:46.047--------------O221
2016-12-23 15:55:46.053--------------503 5.5.1 Error: need MAIL command
2016-12-23 15:55:46.052--------------IRCPT
2016-12-23 15:55:46.052--------------O503
2016-12-23 15:55:46.055--------------503 5.5.1 Error: need MAIL command
2016-12-23 15:55:46.054--------------IRCPT
2016-12-23 15:55:46.054--------------O503
2016-12-23 15:55:46.057--------------250 2.1.0 Ok
2016-12-23 15:55:46.056--------------IMAIL
2016-12-23 15:55:46.056--------------O250
2016-12-23 15:55:46.058--------------250 mail.shubham.personal
2016-12-23 15:55:46.058--------------IEHLO
2016-12-23 15:55:46.058--------------O250
2016-12-23 15:55:46.061--------------503 5.5.1 Error: need MAIL command
2016-12-23 15:55:46.06--------------IRCPT
2016-12-23 15:55:46.06--------------O503
2016-12-23 15:55:46.062--------------503 5.5.1 Error: need MAIL command
2016-12-23 15:55:46.061--------------IRCPT
2016-12-23 15:55:46.061--------------O503
2016-12-23 15:55:46.064--------------250 mail.shubham.personal
2016-12-23 15:55:46.063--------------IEHLO
2016-12-23 15:55:46.063--------------O250
2016-12-23 15:55:46.067--------------503 5.5.1 Error: need MAIL command
2016-12-23 15:55:46.066--------------IRCPT
2016-12-23 15:55:46.066--------------O503
2016-12-23 15:55:46.069--------------250 2.1.0 Ok
2016-12-23 15:55:46.068--------------IMAIL
2016-12-23 15:55:46.068--------------O250
2016-12-23 15:55:46.071--------------221 2.0.0 Bye
2016-12-23 15:55:46.07--------------IQUIT
2016-12-23 15:55:46.07--------------O221
2016-12-23 15:55:46.077--------------503 5.5.1 Error: need MAIL command
2016-12-23 15:55:46.076--------------IRCPT
2016-12-23 15:55:46.076--------------O503
2016-12-23 15:55:46.078--------------503 5.5.1 Error: need MAIL command
2016-12-23 15:55:46.078--------------IRCPT
2016-12-23 15:55:46.078--------------O503
2016-12-23 15:55:46.08--------------221 2.0.0 Bye
2016-12-23 15:55:46.079--------------IQUIT
2016-12-23 15:55:46.079--------------O221
2016-12-23 15:55:49.786--------------250 2.1.0 Ok
2016-12-23 15:55:49.784--------------IMAIL
2016-12-23 15:55:49.784--------------O250
2016-12-23 15:55:49.793--------------221 2.0.0 Bye
2016-12-23 15:55:49.792--------------IQUIT
2016-12-23 15:55:49.792--------------O221
2016-12-23 15:55:49.8--------------221 2.0.0 Bye
2016-12-23 15:55:49.798--------------IQUIT
2016-12-23 15:55:49.798--------------O221
2016-12-23 15:55:49.806--------------250 2.1.0 Ok
2016-12-23 15:55:49.805--------------IMAIL
2016-12-23 15:55:49.805--------------O250
2016-12-23 15:55:49.809--------------221 2.0.0 Bye
2016-12-23 15:55:49.807--------------IQUIT
2016-12-23 15:55:49.807--------------O221
2016-12-23 15:55:49.815--------------250 mail.shubham.personal
2016-12-23 15:55:49.814--------------IEHLO
2016-12-23 15:55:49.814--------------O250
2016-12-23 15:55:49.817--------------221 2.0.0 Bye
2016-12-23 15:55:49.816--------------IQUIT
2016-12-23 15:55:49.816--------------O221
2016-12-23 15:55:49.823--------------250 2.1.0 Ok
2016-12-23 15:55:49.822--------------IMAIL
2016-12-23 15:55:49.822--------------O250
2016-12-23 15:55:49.825--------------250 mail.shubham.personal
2016-12-23 15:55:49.824--------------IEHLO
2016-12-23 15:55:49.824--------------O250
2016-12-23 15:55:49.828--------------250 mail.shubham.personal
2016-12-23 15:55:49.826--------------IEHLO
2016-12-23 15:55:49.826--------------O250
2016-12-23 15:55:49.83--------------250 2.1.0 Ok
2016-12-23 15:55:49.829--------------IMAIL
2016-12-23 15:55:49.829--------------O250
2016-12-23 15:55:49.832--------------221 2.0.0 Bye
2016-12-23 15:55:49.831--------------IQUIT
2016-12-23 15:55:49.831--------------O221
2016-12-23 15:55:49.838--------------221 2.0.0 Bye
2016-12-23 15:55:49.837--------------IQUIT
2016-12-23 15:55:49.837--------------O221
2016-12-23 15:55:49.845--------------250 mail.shubham.personal
2016-12-23 15:55:49.844--------------IEHLO
2016-12-23 15:55:49.844--------------O250
2016-12-23 15:55:49.847--------------250 mail.shubham.personal
2016-12-23 15:55:49.846--------------IEHLO
2016-12-23 15:55:49.846--------------O250
2016-12-23 15:55:49.849--------------250 mail.shubham.personal
2016-12-23 15:55:49.848--------------IEHLO
2016-12-23 15:55:49.848--------------O250
2016-12-23 15:55:49.851--------------250 mail.shubham.personal
2016-12-23 15:55:49.85--------------IEHLO
2016-12-23 15:55:49.85--------------O250
2016-12-23 15:55:49.853--------------221 2.0.0 Bye
2016-12-23 15:55:49.851--------------IQUIT
2016-12-23 15:55:49.851--------------O221
2016-12-23 15:55:49.857--------------250 mail.shubham.personal
2016-12-23 15:55:49.856--------------IEHLO
2016-12-23 15:55:49.856--------------O250
2016-12-23 15:55:49.858--------------503 5.5.1 Error: need MAIL command
2016-12-23 15:55:49.858--------------IRCPT
2016-12-23 15:55:49.858--------------O503
2016-12-23 15:55:49.86--------------250 mail.shubham.personal
2016-12-23 15:55:49.859--------------IEHLO
2016-12-23 15:55:49.859--------------O250
2016-12-23 15:55:49.863--------------221 2.0.0 Bye
2016-12-23 15:55:49.861--------------IQUIT
2016-12-23 15:55:49.861--------------O221
2016-12-23 15:55:49.869--------------503 5.5.1 Error: need MAIL command
2016-12-23 15:55:49.868--------------IRCPT
2016-12-23 15:55:49.868--------------O503
2016-12-23 15:55:49.871--------------221 2.0.0 Bye
2016-12-23 15:55:49.87--------------IQUIT
2016-12-23 15:55:49.87--------------O221
2016-12-23 15:55:49.877--------------250 2.1.0 Ok
2016-12-23 15:55:49.876--------------IMAIL
2016-12-23 15:55:49.876--------------O250
2016-12-23 15:55:49.879--------------221 2.0.0 Bye
2016-12-23 15:55:49.878--------------IQUIT
2016-12-23 15:55:49.878--------------O221
2016-12-23 15:55:49.885--------------503 5.5.1 Error: need MAIL command
2016-12-23 15:55:49.884--------------IRCPT
2016-12-23 15:55:49.884--------------O503
2016-12-23 15:55:49.887--------------250 mail.shubham.personal
2016-12-23 15:55:49.886--------------IEHLO
2016-12-23 15:55:49.886--------------O250
2016-12-23 15:55:49.889--------------250 mail.shubham.personal
2016-12-23 15:55:49.888--------------IEHLO
2016-12-23 15:55:49.888--------------O250
2016-12-23 15:55:49.891--------------503 5.5.1 Error: need MAIL command
2016-12-23 15:55:49.89--------------IRCPT
2016-12-23 15:55:49.89--------------O503
2016-12-23 15:55:49.893--------------250 mail.shubham.personal
2016-12-23 15:55:49.892--------------IEHLO
2016-12-23 15:55:49.892--------------O250
2016-12-23 15:55:49.895--------------221 2.0.0 Bye
2016-12-23 15:55:49.894--------------IQUIT
2016-12-23 15:55:49.894--------------O221
2016-12-23 15:55:49.899--------------503 5.5.1 Error: need MAIL command
2016-12-23 15:55:49.899--------------IRCPT
2016-12-23 15:55:49.899--------------O503
2016-12-23 15:55:49.901--------------503 5.5.1 Error: need MAIL command
2016-12-23 15:55:49.9--------------IRCPT
2016-12-23 15:55:49.9--------------O503
2016-12-23 15:55:49.903--------------250 2.1.0 Ok
2016-12-23 15:55:49.902--------------IMAIL
2016-12-23 15:55:49.902--------------O250
2016-12-23 15:55:49.931--------------250 2.1.0 Ok
2016-12-23 15:55:49.929--------------IMAIL
2016-12-23 15:55:49.929--------------O250
2016-12-23 15:55:49.939--------------503 5.5.1 Error: nested MAIL command
2016-12-23 15:55:49.936--------------IMAIL
2016-12-23 15:55:49.936--------------O503
2016-12-23 15:55:49.946--------------250 2.1.5 Ok
2016-12-23 15:55:49.944--------------IRCPT
2016-12-23 15:55:49.944--------------O250
2016-12-23 16:18:18.253--------------250 mail.shubham.personal
2016-12-23 16:18:07.162--------------IEHLO
2016-12-23 16:18:07.162--------------O250
